{"timestamp": "2026-05-08 04:47:36", "level": "[31mERROR   [0m", "logger": "connection_test", "message": "Ticker test failed: aiodns needs a SelectorEventLoop on Windows. See more: https://github.com/saghul/aiodns/issues/86", "module": "test_connection", "function": "test_rest_api", "line": 48}
{"timestamp": "2026-05-08 04:47:36", "level": "[31mERROR   [0m", "logger": "connection_test", "message": "Order book test failed: aiodns needs a SelectorEventLoop on Windows. See more: https://github.com/saghul/aiodns/issues/86", "module": "test_connection", "function": "test_rest_api", "line": 61}
{"timestamp": "2026-05-08 04:47:36", "level": "[31mERROR   [0m", "logger": "connection_test", "message": "Trades test failed: aiodns needs a SelectorEventLoop on Windows. See more: https://github.com/saghul/aiodns/issues/86", "module": "test_connection", "function": "test_rest_api", "line": 74}
{"timestamp": "2026-05-08 04:47:36", "level": "[32mINFO    [0m", "logger": "nobitex_trader.market_data", "message": "MarketDataManager initialized", "module": "market_data", "function": "__init__", "line": 364}
{"timestamp": "2026-05-08 04:47:36", "level": "[32mINFO    [0m", "logger": "nobitex_trader.websocket", "message": "WebSocket client initialized, connecting to wss://ws.nobitex.ir/connection/websocket", "module": "websocket_client", "function": "__init__", "line": 50}
{"timestamp": "2026-05-08 04:47:36", "level": "[32mINFO    [0m", "logger": "nobitex_trader.websocket", "message": "WebSocket client started", "module": "websocket_client", "function": "start", "line": 56}
{"timestamp": "2026-05-08 04:47:36", "level": "[32mINFO    [0m", "logger": "nobitex_trader.websocket", "message": "Subscribed to ticker for ['BTCIRT', 'ETHIRT']", "module": "websocket_client", "function": "subscribe", "line": 223}
{"timestamp": "2026-05-08 04:47:36", "level": "[32mINFO    [0m", "logger": "nobitex_trader.websocket", "message": "Subscribed to trade for ['BTCIRT', 'ETHIRT']", "module": "websocket_client", "function": "subscribe", "line": 223}
{"timestamp": "2026-05-08 04:47:36", "level": "[32mINFO    [0m", "logger": "nobitex_trader.websocket", "message": "WebSocket connected (connection #1)", "module": "websocket_client", "function": "_connect_loop", "line": 83}
{"timestamp": "2026-05-08 04:47:36", "level": "[31mERROR   [0m", "logger": "nobitex_trader.websocket", "message": "WebSocket error: 'ClientConnection' object has no attribute 'closed'", "module": "websocket_client", "function": "_connect_loop", "line": 96}
{"timestamp": "2026-05-08 04:47:36", "level": "[32mINFO    [0m", "logger": "nobitex_trader.websocket", "message": "Reconnecting in 5 seconds...", "module": "websocket_client", "function": "_connect_loop", "line": 102}
{"timestamp": "2026-05-08 04:47:41", "level": "[31mERROR   [0m", "logger": "connection_test", "message": "WebSocket error: 'ClientConnection' object has no attribute 'closed'", "module": "test_connection", "function": "test_websocket", "line": 141}
{"timestamp": "2026-05-08 04:47:41", "level": "[32mINFO    [0m", "logger": "nobitex_trader.websocket", "message": "WebSocket client stopped", "module": "websocket_client", "function": "stop", "line": 69}
{"timestamp": "2026-05-08 04:55:03", "level": "[32mINFO    [0m", "logger": "test_connection", "message": "Base URL: https://api.nobitex.ir/v3", "module": "test_connection", "function": "test_rest_api", "line": 35}
{"timestamp": "2026-05-08 04:55:11", "level": "[31mERROR   [0m", "logger": "test_connection", "message": "Ticker test failed: Cannot connect to host api.nobitex.ir:443 ssl:default [Timeout while contacting DNS servers]", "module": "test_connection", "function": "test_rest_api", "line": 52}
Traceback (most recent call last):
  File "C:\Python312\Lib\site-packages\aiohttp\resolver.py", line 105, in resolve
    resp = await self._resolver.getaddrinfo(
           ^^^^^^^^^^^^^^^^^^^^^^^^^^^^^^^^^
aiodns.error.DNSError: (12, 'Timeout while contacting DNS servers')

The above exception was the direct cause of the following exception:

Traceback (most recent call last):
  File "C:\Python312\Lib\site-packages\aiohttp\connector.py", line 1335, in _create_direct_connection
    hosts = await self._resolve_host(host, port, traces=traces)
            ^^^^^^^^^^^^^^^^^^^^^^^^^^^^^^^^^^^^^^^^^^^^^^^^^^^
  File "C:\Python312\Lib\site-packages\aiohttp\connector.py", line 989, in _resolve_host
    return await asyncio.shield(resolved_host_task)
           ^^^^^^^^^^^^^^^^^^^^^^^^^^^^^^^^^^^^^^^^
  File "C:\Python312\Lib\site-packages\aiohttp\connector.py", line 1020, in _resolve_host_with_throttle
    addrs = await self._resolver.resolve(host, port, family=self._family)
            ^^^^^^^^^^^^^^^^^^^^^^^^^^^^^^^^^^^^^^^^^^^^^^^^^^^^^^^^^^^^^
  File "C:\Python312\Lib\site-packages\aiohttp\resolver.py", line 114, in resolve
    raise OSError(None, msg) from exc
OSError: [Errno None] Timeout while contacting DNS servers

The above exception was the direct cause of the following exception:

Traceback (most recent call last):
  File "c:\Users\DigiMatin.com\Documents\nobitex-quant-trader\test_connection.py", line 43, in test_rest_api
    ticker = await rest.get_ticker(test_symbol)
             ^^^^^^^^^^^^^^^^^^^^^^^^^^^^^^^^^^
  File "c:\Users\DigiMatin.com\Documents\nobitex-quant-trader\data\websocket_client.py", line 310, in get_ticker
    return await self._request("GET", "/api/v2/ticker", {"code": symbol})
           ^^^^^^^^^^^^^^^^^^^^^^^^^^^^^^^^^^^^^^^^^^^^^^^^^^^^^^^^^^^^^^
  File "c:\Users\DigiMatin.com\Documents\nobitex-quant-trader\data\websocket_client.py", line 434, in _request
    async with session.request(method, url) as response:
  File "C:\Python312\Lib\site-packages\aiohttp\client.py", line 1360, in __aenter__
    self._resp: _RetType = await self._coro
                           ^^^^^^^^^^^^^^^^
  File "C:\Python312\Lib\site-packages\aiohttp\client.py", line 663, in _request
    conn = await self._connector.connect(
           ^^^^^^^^^^^^^^^^^^^^^^^^^^^^^^
  File "C:\Python312\Lib\site-packages\aiohttp\connector.py", line 538, in connect
    proto = await self._create_connection(req, traces, timeout)
            ^^^^^^^^^^^^^^^^^^^^^^^^^^^^^^^^^^^^^^^^^^^^^^^^^^^
  File "C:\Python312\Lib\site-packages\aiohttp\connector.py", line 1050, in _create_connection
    _, proto = await self._create_direct_connection(req, traces, timeout)
               ^^^^^^^^^^^^^^^^^^^^^^^^^^^^^^^^^^^^^^^^^^^^^^^^^^^^^^^^^^
  File "C:\Python312\Lib\site-packages\aiohttp\connector.py", line 1341, in _create_direct_connection
    raise ClientConnectorDNSError(req.connection_key, exc) from exc
aiohttp.client_exceptions.ClientConnectorDNSError: Cannot connect to host api.nobitex.ir:443 ssl:default [Timeout while contacting DNS servers]
{"timestamp": "2026-05-08 04:55:13", "level": "[31mERROR   [0m", "logger": "test_connection", "message": "OrderBook test failed: Cannot connect to host api.nobitex.ir:443 ssl:default [Could not contact DNS servers]", "module": "test_connection", "function": "test_rest_api", "line": 64}
Traceback (most recent call last):
  File "C:\Python312\Lib\site-packages\aiohttp\resolver.py", line 105, in resolve
    resp = await self._resolver.getaddrinfo(
           ^^^^^^^^^^^^^^^^^^^^^^^^^^^^^^^^^
aiodns.error.DNSError: (11, 'Could not contact DNS servers')

The above exception was the direct cause of the following exception:

Traceback (most recent call last):
  File "C:\Python312\Lib\site-packages\aiohttp\connector.py", line 1335, in _create_direct_connection
    hosts = await self._resolve_host(host, port, traces=traces)
            ^^^^^^^^^^^^^^^^^^^^^^^^^^^^^^^^^^^^^^^^^^^^^^^^^^^
  File "C:\Python312\Lib\site-packages\aiohttp\connector.py", line 989, in _resolve_host
    return await asyncio.shield(resolved_host_task)
           ^^^^^^^^^^^^^^^^^^^^^^^^^^^^^^^^^^^^^^^^
  File "C:\Python312\Lib\site-packages\aiohttp\connector.py", line 1020, in _resolve_host_with_throttle
    addrs = await self._resolver.resolve(host, port, family=self._family)
            ^^^^^^^^^^^^^^^^^^^^^^^^^^^^^^^^^^^^^^^^^^^^^^^^^^^^^^^^^^^^^
  File "C:\Python312\Lib\site-packages\aiohttp\resolver.py", line 114, in resolve
    raise OSError(None, msg) from exc
OSError: [Errno None] Could not contact DNS servers

The above exception was the direct cause of the following exception:

Traceback (most recent call last):
  File "c:\Users\DigiMatin.com\Documents\nobitex-quant-trader\test_connection.py", line 57, in test_rest_api
    ob = await rest.get_order_book(test_symbol, limit=3)
         ^^^^^^^^^^^^^^^^^^^^^^^^^^^^^^^^^^^^^^^^^^^^^^^
  File "c:\Users\DigiMatin.com\Documents\nobitex-quant-trader\data\websocket_client.py", line 318, in get_order_book
    return await self._request(
           ^^^^^^^^^^^^^^^^^^^^
  File "c:\Users\DigiMatin.com\Documents\nobitex-quant-trader\data\websocket_client.py", line 434, in _request
    async with session.request(method, url) as response:
  File "C:\Python312\Lib\site-packages\aiohttp\client.py", line 1360, in __aenter__
    self._resp: _RetType = await self._coro
                           ^^^^^^^^^^^^^^^^
  File "C:\Python312\Lib\site-packages\aiohttp\client.py", line 663, in _request
    conn = await self._connector.connect(
           ^^^^^^^^^^^^^^^^^^^^^^^^^^^^^^
  File "C:\Python312\Lib\site-packages\aiohttp\connector.py", line 538, in connect
    proto = await self._create_connection(req, traces, timeout)
            ^^^^^^^^^^^^^^^^^^^^^^^^^^^^^^^^^^^^^^^^^^^^^^^^^^^
  File "C:\Python312\Lib\site-packages\aiohttp\connector.py", line 1050, in _create_connection
    _, proto = await self._create_direct_connection(req, traces, timeout)
               ^^^^^^^^^^^^^^^^^^^^^^^^^^^^^^^^^^^^^^^^^^^^^^^^^^^^^^^^^^
  File "C:\Python312\Lib\site-packages\aiohttp\connector.py", line 1341, in _create_direct_connection
    raise ClientConnectorDNSError(req.connection_key, exc) from exc
aiohttp.client_exceptions.ClientConnectorDNSError: Cannot connect to host api.nobitex.ir:443 ssl:default [Could not contact DNS servers]
{"timestamp": "2026-05-08 04:55:16", "level": "[31mERROR   [0m", "logger": "test_connection", "message": "Trades test failed: Cannot connect to host api.nobitex.ir:443 ssl:default [Could not contact DNS servers]", "module": "test_connection", "function": "test_rest_api", "line": 79}
Traceback (most recent call last):
  File "C:\Python312\Lib\site-packages\aiohttp\resolver.py", line 105, in resolve
    resp = await self._resolver.getaddrinfo(
           ^^^^^^^^^^^^^^^^^^^^^^^^^^^^^^^^^
aiodns.error.DNSError: (11, 'Could not contact DNS servers')

The above exception was the direct cause of the following exception:

Traceback (most recent call last):
  File "C:\Python312\Lib\site-packages\aiohttp\connector.py", line 1335, in _create_direct_connection
    hosts = await self._resolve_host(host, port, traces=traces)
            ^^^^^^^^^^^^^^^^^^^^^^^^^^^^^^^^^^^^^^^^^^^^^^^^^^^
  File "C:\Python312\Lib\site-packages\aiohttp\connector.py", line 989, in _resolve_host
    return await asyncio.shield(resolved_host_task)
           ^^^^^^^^^^^^^^^^^^^^^^^^^^^^^^^^^^^^^^^^
  File "C:\Python312\Lib\site-packages\aiohttp\connector.py", line 1020, in _resolve_host_with_throttle
    addrs = await self._resolver.resolve(host, port, family=self._family)
            ^^^^^^^^^^^^^^^^^^^^^^^^^^^^^^^^^^^^^^^^^^^^^^^^^^^^^^^^^^^^^
  File "C:\Python312\Lib\site-packages\aiohttp\resolver.py", line 114, in resolve
    raise OSError(None, msg) from exc
OSError: [Errno None] Could not contact DNS servers

The above exception was the direct cause of the following exception:

Traceback (most recent call last):
  File "c:\Users\DigiMatin.com\Documents\nobitex-quant-trader\test_connection.py", line 69, in test_rest_api
    trades = await rest.get_trades(test_symbol, limit=3)
             ^^^^^^^^^^^^^^^^^^^^^^^^^^^^^^^^^^^^^^^^^^^
  File "c:\Users\DigiMatin.com\Documents\nobitex-quant-trader\data\websocket_client.py", line 330, in get_trades
    return await self._request(
           ^^^^^^^^^^^^^^^^^^^^
  File "c:\Users\DigiMatin.com\Documents\nobitex-quant-trader\data\websocket_client.py", line 434, in _request
    async with session.request(method, url) as response:
  File "C:\Python312\Lib\site-packages\aiohttp\client.py", line 1360, in __aenter__
    self._resp: _RetType = await self._coro
                           ^^^^^^^^^^^^^^^^
  File "C:\Python312\Lib\site-packages\aiohttp\client.py", line 663, in _request
    conn = await self._connector.connect(
           ^^^^^^^^^^^^^^^^^^^^^^^^^^^^^^
  File "C:\Python312\Lib\site-packages\aiohttp\connector.py", line 538, in connect
    proto = await self._create_connection(req, traces, timeout)
            ^^^^^^^^^^^^^^^^^^^^^^^^^^^^^^^^^^^^^^^^^^^^^^^^^^^
  File "C:\Python312\Lib\site-packages\aiohttp\connector.py", line 1050, in _create_connection
    _, proto = await self._create_direct_connection(req, traces, timeout)
               ^^^^^^^^^^^^^^^^^^^^^^^^^^^^^^^^^^^^^^^^^^^^^^^^^^^^^^^^^^
  File "C:\Python312\Lib\site-packages\aiohttp\connector.py", line 1341, in _create_direct_connection
    raise ClientConnectorDNSError(req.connection_key, exc) from exc
aiohttp.client_exceptions.ClientConnectorDNSError: Cannot connect to host api.nobitex.ir:443 ssl:default [Could not contact DNS servers]
{"timestamp": "2026-05-08 04:55:17", "level": "[32mINFO    [0m", "logger": "nobitex_trader.market_data", "message": "MarketDataManager initialized", "module": "market_data", "function": "__init__", "line": 364}
{"timestamp": "2026-05-08 04:55:17", "level": "[32mINFO    [0m", "logger": "nobitex_trader.websocket", "message": "WebSocket client initialized, connecting to wss://ws.nobitex.ir/connection/websocket", "module": "websocket_client", "function": "__init__", "line": 50}
{"timestamp": "2026-05-08 04:55:17", "level": "[32mINFO    [0m", "logger": "nobitex_trader.websocket", "message": "WebSocket client started", "module": "websocket_client", "function": "start", "line": 56}
{"timestamp": "2026-05-08 04:55:17", "level": "[32mINFO    [0m", "logger": "nobitex_trader.websocket", "message": "WebSocket connected (connection #1)", "module": "websocket_client", "function": "_connect_loop", "line": 83}
{"timestamp": "2026-05-08 05:05:31", "level": "[32mINFO    [0m", "logger": "test_connection", "message": "Base URL: https://api.nobitex.ir/v3", "module": "test_connection", "function": "test_rest_api", "line": 35}
{"timestamp": "2026-05-08 05:05:37", "level": "[32mINFO    [0m", "logger": "test_connection", "message": "Base URL: https://api.nobitex.ir/v3", "module": "test_connection", "function": "test_rest_api", "line": 35}
{"timestamp": "2026-05-08 05:05:45", "level": "[31mERROR   [0m", "logger": "test_connection", "message": "Ticker test failed: Cannot connect to host api.nobitex.ir:443 ssl:default [Timeout while contacting DNS servers]", "module": "test_connection", "function": "test_rest_api", "line": 52}
Traceback (most recent call last):
  File "C:\Python312\Lib\site-packages\aiohttp\resolver.py", line 105, in resolve
    resp = await self._resolver.getaddrinfo(
           ^^^^^^^^^^^^^^^^^^^^^^^^^^^^^^^^^
aiodns.error.DNSError: (12, 'Timeout while contacting DNS servers')

The above exception was the direct cause of the following exception:

Traceback (most recent call last):
  File "C:\Python312\Lib\site-packages\aiohttp\connector.py", line 1335, in _create_direct_connection
    hosts = await self._resolve_host(host, port, traces=traces)
            ^^^^^^^^^^^^^^^^^^^^^^^^^^^^^^^^^^^^^^^^^^^^^^^^^^^
  File "C:\Python312\Lib\site-packages\aiohttp\connector.py", line 989, in _resolve_host
    return await asyncio.shield(resolved_host_task)
           ^^^^^^^^^^^^^^^^^^^^^^^^^^^^^^^^^^^^^^^^
  File "C:\Python312\Lib\site-packages\aiohttp\connector.py", line 1020, in _resolve_host_with_throttle
    addrs = await self._resolver.resolve(host, port, family=self._family)
            ^^^^^^^^^^^^^^^^^^^^^^^^^^^^^^^^^^^^^^^^^^^^^^^^^^^^^^^^^^^^^
  File "C:\Python312\Lib\site-packages\aiohttp\resolver.py", line 114, in resolve
    raise OSError(None, msg) from exc
OSError: [Errno None] Timeout while contacting DNS servers

The above exception was the direct cause of the following exception:

Traceback (most recent call last):
  File "c:\Users\DigiMatin.com\Documents\nobitex-quant-trader\test_connection.py", line 43, in test_rest_api
    ticker = await rest.get_ticker(test_symbol)
             ^^^^^^^^^^^^^^^^^^^^^^^^^^^^^^^^^^
  File "c:\Users\DigiMatin.com\Documents\nobitex-quant-trader\data\websocket_client.py", line 338, in get_ticker
    return await self._request("GET", "/api/v2/ticker", {"code": symbol})
           ^^^^^^^^^^^^^^^^^^^^^^^^^^^^^^^^^^^^^^^^^^^^^^^^^^^^^^^^^^^^^^
  File "c:\Users\DigiMatin.com\Documents\nobitex-quant-trader\data\websocket_client.py", line 462, in _request
    async with session.request(method, url) as response:
  File "C:\Python312\Lib\site-packages\aiohttp\client.py", line 1360, in __aenter__
    self._resp: _RetType = await self._coro
                           ^^^^^^^^^^^^^^^^
  File "C:\Python312\Lib\site-packages\aiohttp\client.py", line 663, in _request
    conn = await self._connector.connect(
           ^^^^^^^^^^^^^^^^^^^^^^^^^^^^^^
  File "C:\Python312\Lib\site-packages\aiohttp\connector.py", line 538, in connect
    proto = await self._create_connection(req, traces, timeout)
            ^^^^^^^^^^^^^^^^^^^^^^^^^^^^^^^^^^^^^^^^^^^^^^^^^^^
  File "C:\Python312\Lib\site-packages\aiohttp\connector.py", line 1050, in _create_connection
    _, proto = await self._create_direct_connection(req, traces, timeout)
               ^^^^^^^^^^^^^^^^^^^^^^^^^^^^^^^^^^^^^^^^^^^^^^^^^^^^^^^^^^
  File "C:\Python312\Lib\site-packages\aiohttp\connector.py", line 1341, in _create_direct_connection
    raise ClientConnectorDNSError(req.connection_key, exc) from exc
aiohttp.client_exceptions.ClientConnectorDNSError: Cannot connect to host api.nobitex.ir:443 ssl:default [Timeout while contacting DNS servers]
{"timestamp": "2026-05-08 05:05:47", "level": "[31mERROR   [0m", "logger": "test_connection", "message": "OrderBook test failed: Cannot connect to host api.nobitex.ir:443 ssl:default [Could not contact DNS servers]", "module": "test_connection", "function": "test_rest_api", "line": 64}
Traceback (most recent call last):
  File "C:\Python312\Lib\site-packages\aiohttp\resolver.py", line 105, in resolve
    resp = await self._resolver.getaddrinfo(
           ^^^^^^^^^^^^^^^^^^^^^^^^^^^^^^^^^
aiodns.error.DNSError: (11, 'Could not contact DNS servers')

The above exception was the direct cause of the following exception:

Traceback (most recent call last):
  File "C:\Python312\Lib\site-packages\aiohttp\connector.py", line 1335, in _create_direct_connection
    hosts = await self._resolve_host(host, port, traces=traces)
            ^^^^^^^^^^^^^^^^^^^^^^^^^^^^^^^^^^^^^^^^^^^^^^^^^^^
  File "C:\Python312\Lib\site-packages\aiohttp\connector.py", line 989, in _resolve_host
    return await asyncio.shield(resolved_host_task)
           ^^^^^^^^^^^^^^^^^^^^^^^^^^^^^^^^^^^^^^^^
  File "C:\Python312\Lib\site-packages\aiohttp\connector.py", line 1020, in _resolve_host_with_throttle
    addrs = await self._resolver.resolve(host, port, family=self._family)
            ^^^^^^^^^^^^^^^^^^^^^^^^^^^^^^^^^^^^^^^^^^^^^^^^^^^^^^^^^^^^^
  File "C:\Python312\Lib\site-packages\aiohttp\resolver.py", line 114, in resolve
    raise OSError(None, msg) from exc
OSError: [Errno None] Could not contact DNS servers

The above exception was the direct cause of the following exception:

Traceback (most recent call last):
  File "c:\Users\DigiMatin.com\Documents\nobitex-quant-trader\test_connection.py", line 57, in test_rest_api
    ob = await rest.get_order_book(test_symbol, limit=3)
         ^^^^^^^^^^^^^^^^^^^^^^^^^^^^^^^^^^^^^^^^^^^^^^^
  File "c:\Users\DigiMatin.com\Documents\nobitex-quant-trader\data\websocket_client.py", line 346, in get_order_book
    return await self._request(
           ^^^^^^^^^^^^^^^^^^^^
  File "c:\Users\DigiMatin.com\Documents\nobitex-quant-trader\data\websocket_client.py", line 462, in _request
    async with session.request(method, url) as response:
  File "C:\Python312\Lib\site-packages\aiohttp\client.py", line 1360, in __aenter__
    self._resp: _RetType = await self._coro
                           ^^^^^^^^^^^^^^^^
  File "C:\Python312\Lib\site-packages\aiohttp\client.py", line 663, in _request
    conn = await self._connector.connect(
           ^^^^^^^^^^^^^^^^^^^^^^^^^^^^^^
  File "C:\Python312\Lib\site-packages\aiohttp\connector.py", line 538, in connect
    proto = await self._create_connection(req, traces, timeout)
            ^^^^^^^^^^^^^^^^^^^^^^^^^^^^^^^^^^^^^^^^^^^^^^^^^^^
  File "C:\Python312\Lib\site-packages\aiohttp\connector.py", line 1050, in _create_connection
    _, proto = await self._create_direct_connection(req, traces, timeout)
               ^^^^^^^^^^^^^^^^^^^^^^^^^^^^^^^^^^^^^^^^^^^^^^^^^^^^^^^^^^
  File "C:\Python312\Lib\site-packages\aiohttp\connector.py", line 1341, in _create_direct_connection
    raise ClientConnectorDNSError(req.connection_key, exc) from exc
aiohttp.client_exceptions.ClientConnectorDNSError: Cannot connect to host api.nobitex.ir:443 ssl:default [Could not contact DNS servers]
{"timestamp": "2026-05-08 05:05:49", "level": "[31mERROR   [0m", "logger": "test_connection", "message": "Trades test failed: Cannot connect to host api.nobitex.ir:443 ssl:default [Could not contact DNS servers]", "module": "test_connection", "function": "test_rest_api", "line": 79}
Traceback (most recent call last):
  File "C:\Python312\Lib\site-packages\aiohttp\resolver.py", line 105, in resolve
    resp = await self._resolver.getaddrinfo(
           ^^^^^^^^^^^^^^^^^^^^^^^^^^^^^^^^^
aiodns.error.DNSError: (11, 'Could not contact DNS servers')

The above exception was the direct cause of the following exception:

Traceback (most recent call last):
  File "C:\Python312\Lib\site-packages\aiohttp\connector.py", line 1335, in _create_direct_connection
    hosts = await self._resolve_host(host, port, traces=traces)
            ^^^^^^^^^^^^^^^^^^^^^^^^^^^^^^^^^^^^^^^^^^^^^^^^^^^
  File "C:\Python312\Lib\site-packages\aiohttp\connector.py", line 989, in _resolve_host
    return await asyncio.shield(resolved_host_task)
           ^^^^^^^^^^^^^^^^^^^^^^^^^^^^^^^^^^^^^^^^
  File "C:\Python312\Lib\site-packages\aiohttp\connector.py", line 1020, in _resolve_host_with_throttle
    addrs = await self._resolver.resolve(host, port, family=self._family)
            ^^^^^^^^^^^^^^^^^^^^^^^^^^^^^^^^^^^^^^^^^^^^^^^^^^^^^^^^^^^^^
  File "C:\Python312\Lib\site-packages\aiohttp\resolver.py", line 114, in resolve
    raise OSError(None, msg) from exc
OSError: [Errno None] Could not contact DNS servers

The above exception was the direct cause of the following exception:

Traceback (most recent call last):
  File "c:\Users\DigiMatin.com\Documents\nobitex-quant-trader\test_connection.py", line 69, in test_rest_api
    trades = await rest.get_trades(test_symbol, limit=3)
             ^^^^^^^^^^^^^^^^^^^^^^^^^^^^^^^^^^^^^^^^^^^
  File "c:\Users\DigiMatin.com\Documents\nobitex-quant-trader\data\websocket_client.py", line 358, in get_trades
    return await self._request(
           ^^^^^^^^^^^^^^^^^^^^
  File "c:\Users\DigiMatin.com\Documents\nobitex-quant-trader\data\websocket_client.py", line 462, in _request
    async with session.request(method, url) as response:
  File "C:\Python312\Lib\site-packages\aiohttp\client.py", line 1360, in __aenter__
    self._resp: _RetType = await self._coro
                           ^^^^^^^^^^^^^^^^
  File "C:\Python312\Lib\site-packages\aiohttp\client.py", line 663, in _request
    conn = await self._connector.connect(
           ^^^^^^^^^^^^^^^^^^^^^^^^^^^^^^
  File "C:\Python312\Lib\site-packages\aiohttp\connector.py", line 538, in connect
    proto = await self._create_connection(req, traces, timeout)
            ^^^^^^^^^^^^^^^^^^^^^^^^^^^^^^^^^^^^^^^^^^^^^^^^^^^
  File "C:\Python312\Lib\site-packages\aiohttp\connector.py", line 1050, in _create_connection
    _, proto = await self._create_direct_connection(req, traces, timeout)
               ^^^^^^^^^^^^^^^^^^^^^^^^^^^^^^^^^^^^^^^^^^^^^^^^^^^^^^^^^^
  File "C:\Python312\Lib\site-packages\aiohttp\connector.py", line 1341, in _create_direct_connection
    raise ClientConnectorDNSError(req.connection_key, exc) from exc
aiohttp.client_exceptions.ClientConnectorDNSError: Cannot connect to host api.nobitex.ir:443 ssl:default [Could not contact DNS servers]
{"timestamp": "2026-05-08 05:05:50", "level": "[32mINFO    [0m", "logger": "nobitex_trader.market_data", "message": "MarketDataManager initialized", "module": "market_data", "function": "__init__", "line": 364}
{"timestamp": "2026-05-08 05:05:50", "level": "[32mINFO    [0m", "logger": "nobitex_trader.websocket", "message": "WebSocket client initialized, connecting to wss://ws.nobitex.ir/connection/websocket", "module": "websocket_client", "function": "__init__", "line": 51}
{"timestamp": "2026-05-08 05:05:50", "level": "[32mINFO    [0m", "logger": "nobitex_trader.websocket", "message": "WebSocket client started", "module": "websocket_client", "function": "start", "line": 57}
{"timestamp": "2026-05-08 05:05:51", "level": "[32mINFO    [0m", "logger": "nobitex_trader.websocket", "message": "WebSocket connected (connection #1)", "module": "websocket_client", "function": "_connect_loop", "line": 87}
{"timestamp": "2026-05-08 11:57:59", "level": "[32mINFO    [0m", "logger": "test_connection", "message": "Base URL: https://apiv2.nobitex.ir/v3", "module": "test_connection", "function": "test_rest_api", "line": 35}
{"timestamp": "2026-05-08 11:58:00", "level": "[31mERROR   [0m", "logger": "test_connection", "message": "Ticker test failed: 404, message='Attempt to decode JSON with unexpected mimetype: text/html; charset=utf-8', url='https://apiv2.nobitex.ir/v3/api/v2/ticker?code=BTCIRT'", "module": "test_connection", "function": "test_rest_api", "line": 52}
Traceback (most recent call last):
  File "c:\Users\DigiMatin.com\Documents\nobitex-quant-trader\test_connection.py", line 43, in test_rest_api
    ticker = await rest.get_ticker(test_symbol)
             ^^^^^^^^^^^^^^^^^^^^^^^^^^^^^^^^^^
  File "c:\Users\DigiMatin.com\Documents\nobitex-quant-trader\data\websocket_client.py", line 338, in get_ticker
    return await self._request("GET", "/api/v2/ticker", {"code": symbol})
           ^^^^^^^^^^^^^^^^^^^^^^^^^^^^^^^^^^^^^^^^^^^^^^^^^^^^^^^^^^^^^^
  File "c:\Users\DigiMatin.com\Documents\nobitex-quant-trader\data\websocket_client.py", line 463, in _request
    data = await response.json()
           ^^^^^^^^^^^^^^^^^^^^^
  File "C:\Python312\Lib\site-packages\aiohttp\client_reqrep.py", line 1278, in json
    raise ContentTypeError(
aiohttp.client_exceptions.ContentTypeError: 404, message='Attempt to decode JSON with unexpected mimetype: text/html; charset=utf-8', url='https://apiv2.nobitex.ir/v3/api/v2/ticker?code=BTCIRT'
{"timestamp": "2026-05-08 11:58:00", "level": "[31mERROR   [0m", "logger": "test_connection", "message": "OrderBook test failed: 404, message='Attempt to decode JSON with unexpected mimetype: text/html; charset=utf-8', url='https://apiv2.nobitex.ir/v3/api/v2/orderbook?code=BTCIRT&limit=3'", "module": "test_connection", "function": "test_rest_api", "line": 64}
Traceback (most recent call last):
  File "c:\Users\DigiMatin.com\Documents\nobitex-quant-trader\test_connection.py", line 57, in test_rest_api
    ob = await rest.get_order_book(test_symbol, limit=3)
         ^^^^^^^^^^^^^^^^^^^^^^^^^^^^^^^^^^^^^^^^^^^^^^^
  File "c:\Users\DigiMatin.com\Documents\nobitex-quant-trader\data\websocket_client.py", line 346, in get_order_book
    return await self._request(
           ^^^^^^^^^^^^^^^^^^^^
  File "c:\Users\DigiMatin.com\Documents\nobitex-quant-trader\data\websocket_client.py", line 463, in _request
    data = await response.json()
           ^^^^^^^^^^^^^^^^^^^^^
  File "C:\Python312\Lib\site-packages\aiohttp\client_reqrep.py", line 1278, in json
    raise ContentTypeError(
aiohttp.client_exceptions.ContentTypeError: 404, message='Attempt to decode JSON with unexpected mimetype: text/html; charset=utf-8', url='https://apiv2.nobitex.ir/v3/api/v2/orderbook?code=BTCIRT&limit=3'
{"timestamp": "2026-05-08 11:58:01", "level": "[31mERROR   [0m", "logger": "test_connection", "message": "Trades test failed: 404, message='Attempt to decode JSON with unexpected mimetype: text/html; charset=utf-8', url='https://apiv2.nobitex.ir/v3/api/v2/trades?code=BTCIRT&limit=3'", "module": "test_connection", "function": "test_rest_api", "line": 79}
Traceback (most recent call last):
  File "c:\Users\DigiMatin.com\Documents\nobitex-quant-trader\test_connection.py", line 69, in test_rest_api
    trades = await rest.get_trades(test_symbol, limit=3)
             ^^^^^^^^^^^^^^^^^^^^^^^^^^^^^^^^^^^^^^^^^^^
  File "c:\Users\DigiMatin.com\Documents\nobitex-quant-trader\data\websocket_client.py", line 358, in get_trades
    return await self._request(
           ^^^^^^^^^^^^^^^^^^^^
  File "c:\Users\DigiMatin.com\Documents\nobitex-quant-trader\data\websocket_client.py", line 463, in _request
    data = await response.json()
           ^^^^^^^^^^^^^^^^^^^^^
  File "C:\Python312\Lib\site-packages\aiohttp\client_reqrep.py", line 1278, in json
    raise ContentTypeError(
aiohttp.client_exceptions.ContentTypeError: 404, message='Attempt to decode JSON with unexpected mimetype: text/html; charset=utf-8', url='https://apiv2.nobitex.ir/v3/api/v2/trades?code=BTCIRT&limit=3'
{"timestamp": "2026-05-08 11:58:02", "level": "[32mINFO    [0m", "logger": "nobitex_trader.market_data", "message": "MarketDataManager initialized", "module": "market_data", "function": "__init__", "line": 364}
{"timestamp": "2026-05-08 11:58:02", "level": "[32mINFO    [0m", "logger": "nobitex_trader.websocket", "message": "WebSocket client initialized, connecting to wss://ws.nobitex.ir/connection/websocket", "module": "websocket_client", "function": "__init__", "line": 51}
{"timestamp": "2026-05-08 11:58:02", "level": "[32mINFO    [0m", "logger": "nobitex_trader.websocket", "message": "WebSocket client started", "module": "websocket_client", "function": "start", "line": 57}
{"timestamp": "2026-05-08 11:58:02", "level": "[32mINFO    [0m", "logger": "nobitex_trader.websocket", "message": "WebSocket connected (connection #1)", "module": "websocket_client", "function": "_connect_loop", "line": 87}
{"timestamp": "2026-05-08 12:54:41", "level": "[32mINFO    [0m", "logger": "test_connection", "message": "Base URL: https://apiv2.nobitex.ir", "module": "test_connection", "function": "test_rest_api", "line": 35}
{"timestamp": "2026-05-08 12:54:47", "level": "[31mERROR   [0m", "logger": "test_connection", "message": "Ticker test failed: 404, message='Attempt to decode JSON with unexpected mimetype: text/html; charset=utf-8', url='https://apiv2.nobitex.ir/api/v2/ticker?code=BTCIRT'", "module": "test_connection", "function": "test_rest_api", "line": 52}
Traceback (most recent call last):
  File "c:\Users\DigiMatin.com\Documents\nobitex-quant-trader\test_connection.py", line 43, in test_rest_api
    ticker = await rest.get_ticker(test_symbol)
             ^^^^^^^^^^^^^^^^^^^^^^^^^^^^^^^^^^
  File "c:\Users\DigiMatin.com\Documents\nobitex-quant-trader\data\websocket_client.py", line 338, in get_ticker
    return await self._request("GET", "/api/v2/ticker", {"code": symbol})
           ^^^^^^^^^^^^^^^^^^^^^^^^^^^^^^^^^^^^^^^^^^^^^^^^^^^^^^^^^^^^^^
  File "c:\Users\DigiMatin.com\Documents\nobitex-quant-trader\data\websocket_client.py", line 463, in _request
    data = await response.json()
           ^^^^^^^^^^^^^^^^^^^^^
  File "C:\Python312\Lib\site-packages\aiohttp\client_reqrep.py", line 1278, in json
    raise ContentTypeError(
aiohttp.client_exceptions.ContentTypeError: 404, message='Attempt to decode JSON with unexpected mimetype: text/html; charset=utf-8', url='https://apiv2.nobitex.ir/api/v2/ticker?code=BTCIRT'
{"timestamp": "2026-05-08 12:54:53", "level": "[31mERROR   [0m", "logger": "test_connection", "message": "OrderBook test failed: 404, message='Attempt to decode JSON with unexpected mimetype: text/html; charset=utf-8', url='https://apiv2.nobitex.ir/api/v2/orderbook?code=BTCIRT&limit=3'", "module": "test_connection", "function": "test_rest_api", "line": 64}
Traceback (most recent call last):
  File "c:\Users\DigiMatin.com\Documents\nobitex-quant-trader\test_connection.py", line 57, in test_rest_api
    ob = await rest.get_order_book(test_symbol, limit=3)
         ^^^^^^^^^^^^^^^^^^^^^^^^^^^^^^^^^^^^^^^^^^^^^^^
  File "c:\Users\DigiMatin.com\Documents\nobitex-quant-trader\data\websocket_client.py", line 346, in get_order_book
    return await self._request(
           ^^^^^^^^^^^^^^^^^^^^
  File "c:\Users\DigiMatin.com\Documents\nobitex-quant-trader\data\websocket_client.py", line 463, in _request
    data = await response.json()
           ^^^^^^^^^^^^^^^^^^^^^
  File "C:\Python312\Lib\site-packages\aiohttp\client_reqrep.py", line 1278, in json
    raise ContentTypeError(
aiohttp.client_exceptions.ContentTypeError: 404, message='Attempt to decode JSON with unexpected mimetype: text/html; charset=utf-8', url='https://apiv2.nobitex.ir/api/v2/orderbook?code=BTCIRT&limit=3'
{"timestamp": "2026-05-08 12:56:09", "level": "[31mERROR   [0m", "logger": "test_connection", "message": "Trades test failed: 404, message='Attempt to decode JSON with unexpected mimetype: text/html; charset=utf-8', url='https://apiv2.nobitex.ir/api/v2/trades?code=BTCIRT&limit=3'", "module": "test_connection", "function": "test_rest_api", "line": 79}
Traceback (most recent call last):
  File "c:\Users\DigiMatin.com\Documents\nobitex-quant-trader\test_connection.py", line 69, in test_rest_api
    trades = await rest.get_trades(test_symbol, limit=3)
             ^^^^^^^^^^^^^^^^^^^^^^^^^^^^^^^^^^^^^^^^^^^
  File "c:\Users\DigiMatin.com\Documents\nobitex-quant-trader\data\websocket_client.py", line 358, in get_trades
    return await self._request(
           ^^^^^^^^^^^^^^^^^^^^
  File "c:\Users\DigiMatin.com\Documents\nobitex-quant-trader\data\websocket_client.py", line 463, in _request
    data = await response.json()
           ^^^^^^^^^^^^^^^^^^^^^
  File "C:\Python312\Lib\site-packages\aiohttp\client_reqrep.py", line 1278, in json
    raise ContentTypeError(
aiohttp.client_exceptions.ContentTypeError: 404, message='Attempt to decode JSON with unexpected mimetype: text/html; charset=utf-8', url='https://apiv2.nobitex.ir/api/v2/trades?code=BTCIRT&limit=3'
{"timestamp": "2026-05-08 12:56:10", "level": "[32mINFO    [0m", "logger": "nobitex_trader.market_data", "message": "MarketDataManager initialized", "module": "market_data", "function": "__init__", "line": 364}
{"timestamp": "2026-05-08 12:56:10", "level": "[32mINFO    [0m", "logger": "nobitex_trader.websocket", "message": "WebSocket client initialized, connecting to wss://ws.nobitex.ir/connection/websocket", "module": "websocket_client", "function": "__init__", "line": 51}
{"timestamp": "2026-05-08 12:56:10", "level": "[32mINFO    [0m", "logger": "nobitex_trader.websocket", "message": "WebSocket client started", "module": "websocket_client", "function": "start", "line": 57}
{"timestamp": "2026-05-08 12:56:10", "level": "[32mINFO    [0m", "logger": "nobitex_trader.websocket", "message": "WebSocket connected (connection #1)", "module": "websocket_client", "function": "_connect_loop", "line": 87}
{"timestamp": "2026-05-08 17:21:55", "level": "[32mINFO    [0m", "logger": "test_connection", "message": "Base URL: https://api.nobitex.ir", "module": "test_connection", "function": "test_rest_api", "line": 63}
{"timestamp": "2026-05-08 17:21:55", "level": "[31mERROR   [0m", "logger": "test_connection", "message": "Ticker test failed: name 'urlencode' is not defined", "module": "test_connection", "function": "test_rest_api", "line": 80}
Traceback (most recent call last):
  File "c:\Users\DigiMatin.com\Documents\nobitex-quant-trader\test_connection.py", line 71, in test_rest_api
    ticker = await rest.get_ticker(test_symbol)
             ^^^^^^^^^^^^^^^^^^^^^^^^^^^^^^^^^^
  File "c:\Users\DigiMatin.com\Documents\nobitex-quant-trader\data\websocket_client.py", line 454, in get_ticker
    return await self._request("GET", "/market/stats", params=params)
           ^^^^^^^^^^^^^^^^^^^^^^^^^^^^^^^^^^^^^^^^^^^^^^^^^^^^^^^^^^
  File "c:\Users\DigiMatin.com\Documents\nobitex-quant-trader\data\websocket_client.py", line 466, in _request
    query = urlencode(params or {})
            ^^^^^^^^^
NameError: name 'urlencode' is not defined
{"timestamp": "2026-05-08 17:21:55", "level": "[31mERROR   [0m", "logger": "test_connection", "message": "OrderBook test failed: name 'urlencode' is not defined", "module": "test_connection", "function": "test_rest_api", "line": 92}
Traceback (most recent call last):
  File "c:\Users\DigiMatin.com\Documents\nobitex-quant-trader\test_connection.py", line 85, in test_rest_api
    ob = await rest.get_order_book(test_symbol, limit=3)
         ^^^^^^^^^^^^^^^^^^^^^^^^^^^^^^^^^^^^^^^^^^^^^^^
  File "c:\Users\DigiMatin.com\Documents\nobitex-quant-trader\data\websocket_client.py", line 458, in get_order_book
    return await self._request("GET", "/v2/orderbook/all", params=params)
           ^^^^^^^^^^^^^^^^^^^^^^^^^^^^^^^^^^^^^^^^^^^^^^^^^^^^^^^^^^^^^^
  File "c:\Users\DigiMatin.com\Documents\nobitex-quant-trader\data\websocket_client.py", line 466, in _request
    query = urlencode(params or {})
            ^^^^^^^^^
NameError: name 'urlencode' is not defined
{"timestamp": "2026-05-08 17:21:55", "level": "[31mERROR   [0m", "logger": "test_connection", "message": "Trades test failed: name 'urlencode' is not defined", "module": "test_connection", "function": "test_rest_api", "line": 107}
Traceback (most recent call last):
  File "c:\Users\DigiMatin.com\Documents\nobitex-quant-trader\test_connection.py", line 97, in test_rest_api
    trades = await rest.get_trades(test_symbol, limit=3)
             ^^^^^^^^^^^^^^^^^^^^^^^^^^^^^^^^^^^^^^^^^^^
  File "c:\Users\DigiMatin.com\Documents\nobitex-quant-trader\data\websocket_client.py", line 462, in get_trades
    return await self._request("GET", "/market/trades/list", params=params)
           ^^^^^^^^^^^^^^^^^^^^^^^^^^^^^^^^^^^^^^^^^^^^^^^^^^^^^^^^^^^^^^^^
  File "c:\Users\DigiMatin.com\Documents\nobitex-quant-trader\data\websocket_client.py", line 466, in _request
    query = urlencode(params or {})
            ^^^^^^^^^
NameError: name 'urlencode' is not defined
{"timestamp": "2026-05-08 17:21:56", "level": "[32mINFO    [0m", "logger": "nobitex_trader.market_data", "message": "MarketDataManager initialized", "module": "market_data", "function": "__init__", "line": 364}
{"timestamp": "2026-05-08 17:21:56", "level": "[32mINFO    [0m", "logger": "nobitex_trader.websocket", "message": "WebSocket client initialized, connecting to wss://ws.nobitex.ir/connection/websocket", "module": "websocket_client", "function": "__init__", "line": 51}
{"timestamp": "2026-05-08 17:21:56", "level": "[32mINFO    [0m", "logger": "nobitex_trader.websocket", "message": "WebSocket client started", "module": "websocket_client", "function": "start", "line": 57}
{"timestamp": "2026-05-08 17:22:07", "level": "[32mINFO    [0m", "logger": "test_connection", "message": "Base URL: https://api.nobitex.ir", "module": "test_connection", "function": "test_rest_api", "line": 63}
{"timestamp": "2026-05-08 17:22:07", "level": "[31mERROR   [0m", "logger": "test_connection", "message": "Ticker test failed: name 'urlencode' is not defined", "module": "test_connection", "function": "test_rest_api", "line": 80}
Traceback (most recent call last):
  File "c:\Users\DigiMatin.com\Documents\nobitex-quant-trader\test_connection.py", line 71, in test_rest_api
    ticker = await rest.get_ticker(test_symbol)
             ^^^^^^^^^^^^^^^^^^^^^^^^^^^^^^^^^^
  File "c:\Users\DigiMatin.com\Documents\nobitex-quant-trader\data\websocket_client.py", line 454, in get_ticker
    return await self._request("GET", "/market/stats", params=params)
           ^^^^^^^^^^^^^^^^^^^^^^^^^^^^^^^^^^^^^^^^^^^^^^^^^^^^^^^^^^
  File "c:\Users\DigiMatin.com\Documents\nobitex-quant-trader\data\websocket_client.py", line 466, in _request
    query = urlencode(params or {})
            ^^^^^^^^^
NameError: name 'urlencode' is not defined
{"timestamp": "2026-05-08 17:22:07", "level": "[31mERROR   [0m", "logger": "test_connection", "message": "OrderBook test failed: name 'urlencode' is not defined", "module": "test_connection", "function": "test_rest_api", "line": 92}
Traceback (most recent call last):
  File "c:\Users\DigiMatin.com\Documents\nobitex-quant-trader\test_connection.py", line 85, in test_rest_api
    ob = await rest.get_order_book(test_symbol, limit=3)
         ^^^^^^^^^^^^^^^^^^^^^^^^^^^^^^^^^^^^^^^^^^^^^^^
  File "c:\Users\DigiMatin.com\Documents\nobitex-quant-trader\data\websocket_client.py", line 458, in get_order_book
    return await self._request("GET", "/v2/orderbook/all", params=params)
           ^^^^^^^^^^^^^^^^^^^^^^^^^^^^^^^^^^^^^^^^^^^^^^^^^^^^^^^^^^^^^^
  File "c:\Users\DigiMatin.com\Documents\nobitex-quant-trader\data\websocket_client.py", line 466, in _request
    query = urlencode(params or {})
            ^^^^^^^^^
NameError: name 'urlencode' is not defined
{"timestamp": "2026-05-08 17:22:07", "level": "[31mERROR   [0m", "logger": "test_connection", "message": "Trades test failed: name 'urlencode' is not defined", "module": "test_connection", "function": "test_rest_api", "line": 107}
Traceback (most recent call last):
  File "c:\Users\DigiMatin.com\Documents\nobitex-quant-trader\test_connection.py", line 97, in test_rest_api
    trades = await rest.get_trades(test_symbol, limit=3)
             ^^^^^^^^^^^^^^^^^^^^^^^^^^^^^^^^^^^^^^^^^^^
  File "c:\Users\DigiMatin.com\Documents\nobitex-quant-trader\data\websocket_client.py", line 462, in get_trades
    return await self._request("GET", "/market/trades/list", params=params)
           ^^^^^^^^^^^^^^^^^^^^^^^^^^^^^^^^^^^^^^^^^^^^^^^^^^^^^^^^^^^^^^^^
  File "c:\Users\DigiMatin.com\Documents\nobitex-quant-trader\data\websocket_client.py", line 466, in _request
    query = urlencode(params or {})
            ^^^^^^^^^
NameError: name 'urlencode' is not defined
{"timestamp": "2026-05-08 17:22:08", "level": "[32mINFO    [0m", "logger": "nobitex_trader.market_data", "message": "MarketDataManager initialized", "module": "market_data", "function": "__init__", "line": 364}
{"timestamp": "2026-05-08 17:22:08", "level": "[32mINFO    [0m", "logger": "nobitex_trader.websocket", "message": "WebSocket client initialized, connecting to wss://ws.nobitex.ir/connection/websocket", "module": "websocket_client", "function": "__init__", "line": 51}
{"timestamp": "2026-05-08 17:22:08", "level": "[32mINFO    [0m", "logger": "nobitex_trader.websocket", "message": "WebSocket client started", "module": "websocket_client", "function": "start", "line": 57}
{"timestamp": "2026-05-08 17:22:08", "level": "[32mINFO    [0m", "logger": "nobitex_trader.websocket", "message": "WebSocket connected (connection #1)", "module": "websocket_client", "function": "_connect_loop", "line": 87}
